<?xml version="1.0" encoding="UTF-8"?>
<!-- Generated by org.testng.reporters.JUnitReportReporter -->
<testsuite hostname="LAPTOP-LPFFONSL" failures="0" tests="1" name="tests.LoginTest" time="3.086" errors="0" timestamp="2025-03-31T13:26:42 CEST" skipped="0">
  <testcase classname="tests.LoginTest" name="testValidation" time="3.086"/>
</testsuite> <!-- tests.LoginTest -->
