<?xml version="1.0" encoding="UTF-8"?>
<!-- Generated by org.testng.reporters.JUnitReportReporter -->
<testsuite hostname="LAPTOP-LPFFONSL" failures="0" tests="1" name="tests.BaseTests" time="0.762" errors="0" timestamp="2025-03-31T14:13:47 CEST" skipped="0">
  <testcase classname="tests.BaseTests" name="HomPageTest" time="0.762"/>
</testsuite> <!-- tests.BaseTests -->
